<?xml version="1.0" encoding="UTF-8"?>
<testng-results ignored="0" total="1" passed="1" failed="0" skipped="0">
  <reporter-output>
  </reporter-output>
  <suite started-at="2024-01-08T02:57:27 EST" name="Suite" finished-at="2024-01-08T02:57:37 EST" duration-ms="10222">
    <groups>
    </groups>
    <test started-at="2024-01-08T02:57:27 EST" name="Test" finished-at="2024-01-08T02:57:37 EST" duration-ms="10222">
      <class name="Testcases.Testcaseslogin">
        <test-method is-config="true" signature="openapplication()[pri:0, instance:Testcases.Testcaseslogin@54c5a2ff]" started-at="2024-01-08T02:57:27 EST" name="openapplication" finished-at="2024-01-08T02:57:36 EST" duration-ms="8832" status="PASS">
          <reporter-output>
          </reporter-output>
        </test-method> <!-- openapplication -->
        <test-method signature="logintest()[pri:0, instance:Testcases.Testcaseslogin@54c5a2ff]" started-at="2024-01-08T02:57:36 EST" name="logintest" finished-at="2024-01-08T02:57:37 EST" duration-ms="1196" status="PASS">
          <reporter-output>
          </reporter-output>
        </test-method> <!-- logintest -->
        <test-method is-config="true" signature="closeapplication()[pri:0, instance:Testcases.Testcaseslogin@54c5a2ff]" started-at="2024-01-08T02:57:37 EST" name="closeapplication" finished-at="2024-01-08T02:57:37 EST" duration-ms="129" status="PASS">
          <reporter-output>
          </reporter-output>
        </test-method> <!-- closeapplication -->
      </class> <!-- Testcases.Testcaseslogin -->
    </test> <!-- Test -->
  </suite> <!-- Suite -->
</testng-results>
